6月 01, 2022 5:00:51 下午 io.github.yedaxia.apidocs.LogUtils info
信息: info: find java src paths:  [G:\code\NiuKeCommunity\src\main\java\]
6月 01, 2022 5:00:51 下午 io.github.yedaxia.apidocs.LogUtils info
信息: info: project type not set, try to figure out...
6月 01, 2022 5:00:51 下午 io.github.yedaxia.apidocs.LogUtils info
信息: info: start find controllers in path : G:\code\NiuKeCommunity\src\main\java\
6月 01, 2022 5:00:51 下午 io.github.yedaxia.apidocs.LogUtils info
信息: info: find controller file : AlphaController.java
6月 01, 2022 5:00:51 下午 io.github.yedaxia.apidocs.LogUtils info
信息: info: find controller file : DiscussPostController.java
6月 01, 2022 5:00:51 下午 io.github.yedaxia.apidocs.LogUtils info
信息: info: find controller file : HomeController.java
6月 01, 2022 5:00:51 下午 io.github.yedaxia.apidocs.LogUtils info
信息: info: find controller file : LoginController.java
6月 01, 2022 5:00:51 下午 io.github.yedaxia.apidocs.LogUtils info
信息: info: find controller file : UserController.java
6月 01, 2022 5:00:51 下午 io.github.yedaxia.apidocs.LogUtils info
信息: info: start to parse controller file : AlphaController.java
6月 01, 2022 5:00:51 下午 io.github.yedaxia.apidocs.LogUtils info
信息: info: success to parse controller file : AlphaController.java
6月 01, 2022 5:00:51 下午 io.github.yedaxia.apidocs.LogUtils info
信息: info: start to parse controller file : DiscussPostController.java
6月 01, 2022 5:00:51 下午 io.github.yedaxia.apidocs.LogUtils info
信息: info: success to parse controller file : DiscussPostController.java
6月 01, 2022 5:00:51 下午 io.github.yedaxia.apidocs.LogUtils info
信息: info: start to parse controller file : HomeController.java
6月 01, 2022 5:00:51 下午 io.github.yedaxia.apidocs.LogUtils info
信息: info: success to parse controller file : HomeController.java
6月 01, 2022 5:00:51 下午 io.github.yedaxia.apidocs.LogUtils info
信息: info: start to parse controller file : LoginController.java
6月 01, 2022 5:00:51 下午 io.github.yedaxia.apidocs.LogUtils info
信息: info: success to parse controller file : LoginController.java
6月 01, 2022 5:00:51 下午 io.github.yedaxia.apidocs.LogUtils info
信息: info: start to parse controller file : UserController.java
6月 01, 2022 5:00:51 下午 io.github.yedaxia.apidocs.LogUtils info
信息: info: success to parse controller file : UserController.java
6月 01, 2022 5:00:51 下午 io.github.yedaxia.apidocs.LogUtils info
信息: info: generate api docs start...
6月 01, 2022 5:00:51 下午 io.github.yedaxia.apidocs.LogUtils info
信息: info: start to generate docs for controller file : G:\code\NiuKeCommunity\src\main\java\com\nowcoder\community\controller\AlphaController.java
6月 01, 2022 5:00:51 下午 io.github.yedaxia.apidocs.LogUtils info
信息: info: success to generate docs for controller file : G:\code\NiuKeCommunity\src\main\java\com\nowcoder\community\controller\AlphaController.java
6月 01, 2022 5:00:51 下午 io.github.yedaxia.apidocs.LogUtils info
信息: info: start to generate docs for controller file : G:\code\NiuKeCommunity\src\main\java\com\nowcoder\community\controller\DiscussPostController.java
6月 01, 2022 5:00:51 下午 io.github.yedaxia.apidocs.LogUtils info
信息: info: success to generate docs for controller file : G:\code\NiuKeCommunity\src\main\java\com\nowcoder\community\controller\DiscussPostController.java
6月 01, 2022 5:00:51 下午 io.github.yedaxia.apidocs.LogUtils info
信息: info: start to generate docs for controller file : G:\code\NiuKeCommunity\src\main\java\com\nowcoder\community\controller\HomeController.java
6月 01, 2022 5:00:51 下午 io.github.yedaxia.apidocs.LogUtils info
信息: info: success to generate docs for controller file : G:\code\NiuKeCommunity\src\main\java\com\nowcoder\community\controller\HomeController.java
6月 01, 2022 5:00:51 下午 io.github.yedaxia.apidocs.LogUtils info
信息: info: start to generate docs for controller file : G:\code\NiuKeCommunity\src\main\java\com\nowcoder\community\controller\LoginController.java
6月 01, 2022 5:00:51 下午 io.github.yedaxia.apidocs.LogUtils info
信息: info: success to generate docs for controller file : G:\code\NiuKeCommunity\src\main\java\com\nowcoder\community\controller\LoginController.java
6月 01, 2022 5:00:51 下午 io.github.yedaxia.apidocs.LogUtils info
信息: info: start to generate docs for controller file : G:\code\NiuKeCommunity\src\main\java\com\nowcoder\community\controller\UserController.java
6月 01, 2022 5:00:51 下午 io.github.yedaxia.apidocs.LogUtils info
信息: info: success to generate docs for controller file : G:\code\NiuKeCommunity\src\main\java\com\nowcoder\community\controller\UserController.java
6月 01, 2022 5:00:51 下午 io.github.yedaxia.apidocs.LogUtils info
信息: info: generate index start !!!
6月 01, 2022 5:00:51 下午 io.github.yedaxia.apidocs.LogUtils info
信息: info: generate index done !!!
6月 01, 2022 5:00:51 下午 io.github.yedaxia.apidocs.LogUtils info
信息: info: generate api docs done !!!
